Vivado Simulator 2018.2
Copyright 1986-1999, 2001-2018 Xilinx, Inc. All Rights Reserved.
Running: C:/Xilinx/Vivado/2018.2/bin/unwrapped/win64.o/xelab.exe -wto aa8bda4a10194f5a96c109210d38ec51 --incr --debug typical --relax --mt 2 -L xil_defaultlib -L unisims_ver -L unimacro_ver -L secureip --snapshot Booth_RA_Mul_tb_behav xil_defaultlib.Booth_RA_Mul_tb xil_defaultlib.glbl -log elaborate.log 
Using 2 slave threads.
Starting static elaboration
WARNING: [VRFC 10-278] actual bit length 33 differs from formal bit length 32 for port io_S [D:/Jake_Gu/UT Austin/GitHub/High-Speed-Project/src/Booth_RA_Mul/Booth_RA_Mul/Booth_RA_Mul.srcs/sources_1/new/RA_Mul.v:4800]
Completed static elaboration
Starting simulation data flow analysis
WARNING: [XSIM 43-4099] "D:/Jake_Gu/UT Austin/GitHub/High-Speed-Project/src/Booth_RA_Mul/Booth_RA_Mul/Booth_RA_Mul.srcs/sources_1/new/RA_Mul.v" Line 3428. Module RA_Mul doesn't have a timescale but at least one module in design has a timescale.
WARNING: [XSIM 43-4099] "D:/Jake_Gu/UT Austin/GitHub/High-Speed-Project/src/Booth_RA_Mul/Booth_RA_Mul/Booth_RA_Mul.srcs/sources_1/new/RA_Mul.v" Line 1. Module BoothEncoder_radix4 doesn't have a timescale but at least one module in design has a timescale.
WARNING: [XSIM 43-4099] "D:/Jake_Gu/UT Austin/GitHub/High-Speed-Project/src/Booth_RA_Mul/Booth_RA_Mul/Booth_RA_Mul.srcs/sources_1/new/RA_Mul.v" Line 251. Module PPGen doesn't have a timescale but at least one module in design has a timescale.
WARNING: [XSIM 43-4099] "D:/Jake_Gu/UT Austin/GitHub/High-Speed-Project/src/Booth_RA_Mul/Booth_RA_Mul/Booth_RA_Mul.srcs/sources_1/new/RA_Mul.v" Line 704. Module Reduction_1 doesn't have a timescale but at least one module in design has a timescale.
WARNING: [XSIM 43-4099] "D:/Jake_Gu/UT Austin/GitHub/High-Speed-Project/src/Booth_RA_Mul/Booth_RA_Mul/Booth_RA_Mul.srcs/sources_1/new/RA_Mul.v" Line 675. Module HA doesn't have a timescale but at least one module in design has a timescale.
WARNING: [XSIM 43-4099] "D:/Jake_Gu/UT Austin/GitHub/High-Speed-Project/src/Booth_RA_Mul/Booth_RA_Mul/Booth_RA_Mul.srcs/sources_1/new/RA_Mul.v" Line 684. Module FA doesn't have a timescale but at least one module in design has a timescale.
WARNING: [XSIM 43-4099] "D:/Jake_Gu/UT Austin/GitHub/High-Speed-Project/src/Booth_RA_Mul/Booth_RA_Mul/Booth_RA_Mul.srcs/sources_1/new/RA_Mul.v" Line 684. Module FA doesn't have a timescale but at least one module in design has a timescale.
WARNING: [XSIM 43-4099] "D:/Jake_Gu/UT Austin/GitHub/High-Speed-Project/src/Booth_RA_Mul/Booth_RA_Mul/Booth_RA_Mul.srcs/sources_1/new/RA_Mul.v" Line 684. Module FA doesn't have a timescale but at least one module in design has a timescale.
WARNING: [XSIM 43-4099] "D:/Jake_Gu/UT Austin/GitHub/High-Speed-Project/src/Booth_RA_Mul/Booth_RA_Mul/Booth_RA_Mul.srcs/sources_1/new/RA_Mul.v" Line 684. Module FA doesn't have a timescale but at least one module in design has a timescale.
WARNING: [XSIM 43-4099] "D:/Jake_Gu/UT Austin/GitHub/High-Speed-Project/src/Booth_RA_Mul/Booth_RA_Mul/Booth_RA_Mul.srcs/sources_1/new/RA_Mul.v" Line 684. Module FA doesn't have a timescale but at least one module in design has a timescale.
WARNING: [XSIM 43-4099] "D:/Jake_Gu/UT Austin/GitHub/High-Speed-Project/src/Booth_RA_Mul/Booth_RA_Mul/Booth_RA_Mul.srcs/sources_1/new/RA_Mul.v" Line 684. Module FA doesn't have a timescale but at least one module in design has a timescale.
WARNING: [XSIM 43-4099] "D:/Jake_Gu/UT Austin/GitHub/High-Speed-Project/src/Booth_RA_Mul/Booth_RA_Mul/Booth_RA_Mul.srcs/sources_1/new/RA_Mul.v" Line 684. Module FA doesn't have a timescale but at least one module in design has a timescale.
WARNING: [XSIM 43-4099] "D:/Jake_Gu/UT Austin/GitHub/High-Speed-Project/src/Booth_RA_Mul/Booth_RA_Mul/Booth_RA_Mul.srcs/sources_1/new/RA_Mul.v" Line 684. Module FA doesn't have a timescale but at least one module in design has a timescale.
WARNING: [XSIM 43-4099] "D:/Jake_Gu/UT Austin/GitHub/High-Speed-Project/src/Booth_RA_Mul/Booth_RA_Mul/Booth_RA_Mul.srcs/sources_1/new/RA_Mul.v" Line 684. Module FA doesn't have a timescale but at least one module in design has a timescale.
WARNING: [XSIM 43-4099] "D:/Jake_Gu/UT Austin/GitHub/High-Speed-Project/src/Booth_RA_Mul/Booth_RA_Mul/Booth_RA_Mul.srcs/sources_1/new/RA_Mul.v" Line 684. Module FA doesn't have a timescale but at least one module in design has a timescale.
WARNING: [XSIM 43-4099] "D:/Jake_Gu/UT Austin/GitHub/High-Speed-Project/src/Booth_RA_Mul/Booth_RA_Mul/Booth_RA_Mul.srcs/sources_1/new/RA_Mul.v" Line 684. Module FA doesn't have a timescale but at least one module in design has a timescale.
WARNING: [XSIM 43-4099] "D:/Jake_Gu/UT Austin/GitHub/High-Speed-Project/src/Booth_RA_Mul/Booth_RA_Mul/Booth_RA_Mul.srcs/sources_1/new/RA_Mul.v" Line 684. Module FA doesn't have a timescale but at least one module in design has a timescale.
WARNING: [XSIM 43-4099] "D:/Jake_Gu/UT Austin/GitHub/High-Speed-Project/src/Booth_RA_Mul/Booth_RA_Mul/Booth_RA_Mul.srcs/sources_1/new/RA_Mul.v" Line 684. Module FA doesn't have a timescale but at least one module in design has a timescale.
WARNING: [XSIM 43-4099] "D:/Jake_Gu/UT Austin/GitHub/High-Speed-Project/src/Booth_RA_Mul/Booth_RA_Mul/Booth_RA_Mul.srcs/sources_1/new/RA_Mul.v" Line 684. Module FA doesn't have a timescale but at least one module in design has a timescale.
WARNING: [XSIM 43-4099] "D:/Jake_Gu/UT Austin/GitHub/High-Speed-Project/src/Booth_RA_Mul/Booth_RA_Mul/Booth_RA_Mul.srcs/sources_1/new/RA_Mul.v" Line 684. Module FA doesn't have a timescale but at least one module in design has a timescale.
WARNING: [XSIM 43-4099] "D:/Jake_Gu/UT Austin/GitHub/High-Speed-Project/src/Booth_RA_Mul/Booth_RA_Mul/Booth_RA_Mul.srcs/sources_1/new/RA_Mul.v" Line 684. Module FA doesn't have a timescale but at least one module in design has a timescale.
WARNING: [XSIM 43-4099] "D:/Jake_Gu/UT Austin/GitHub/High-Speed-Project/src/Booth_RA_Mul/Booth_RA_Mul/Booth_RA_Mul.srcs/sources_1/new/RA_Mul.v" Line 684. Module FA doesn't have a timescale but at least one module in design has a timescale.
WARNING: [XSIM 43-4099] "D:/Jake_Gu/UT Austin/GitHub/High-Speed-Project/src/Booth_RA_Mul/Booth_RA_Mul/Booth_RA_Mul.srcs/sources_1/new/RA_Mul.v" Line 684. Module FA doesn't have a timescale but at least one module in design has a timescale.
WARNING: [XSIM 43-4099] "D:/Jake_Gu/UT Austin/GitHub/High-Speed-Project/src/Booth_RA_Mul/Booth_RA_Mul/Booth_RA_Mul.srcs/sources_1/new/RA_Mul.v" Line 684. Module FA doesn't have a timescale but at least one module in design has a timescale.
WARNING: [XSIM 43-4099] "D:/Jake_Gu/UT Austin/GitHub/High-Speed-Project/src/Booth_RA_Mul/Booth_RA_Mul/Booth_RA_Mul.srcs/sources_1/new/RA_Mul.v" Line 684. Module FA doesn't have a timescale but at least one module in design has a timescale.
WARNING: [XSIM 43-4099] "D:/Jake_Gu/UT Austin/GitHub/High-Speed-Project/src/Booth_RA_Mul/Booth_RA_Mul/Booth_RA_Mul.srcs/sources_1/new/RA_Mul.v" Line 684. Module FA doesn't have a timescale but at least one module in design has a timescale.
WARNING: [XSIM 43-4099] "D:/Jake_Gu/UT Austin/GitHub/High-Speed-Project/src/Booth_RA_Mul/Booth_RA_Mul/Booth_RA_Mul.srcs/sources_1/new/RA_Mul.v" Line 675. Module HA doesn't have a timescale but at least one module in design has a timescale.
WARNING: [XSIM 43-4099] "D:/Jake_Gu/UT Austin/GitHub/High-Speed-Project/src/Booth_RA_Mul/Booth_RA_Mul/Booth_RA_Mul.srcs/sources_1/new/RA_Mul.v" Line 684. Module FA doesn't have a timescale but at least one module in design has a timescale.
WARNING: [XSIM 43-4099] "D:/Jake_Gu/UT Austin/GitHub/High-Speed-Project/src/Booth_RA_Mul/Booth_RA_Mul/Booth_RA_Mul.srcs/sources_1/new/RA_Mul.v" Line 684. Module FA doesn't have a timescale but at least one module in design has a timescale.
WARNING: [XSIM 43-4099] "D:/Jake_Gu/UT Austin/GitHub/High-Speed-Project/src/Booth_RA_Mul/Booth_RA_Mul/Booth_RA_Mul.srcs/sources_1/new/RA_Mul.v" Line 684. Module FA doesn't have a timescale but at least one module in design has a timescale.
WARNING: [XSIM 43-4099] "D:/Jake_Gu/UT Austin/GitHub/High-Speed-Project/src/Booth_RA_Mul/Booth_RA_Mul/Booth_RA_Mul.srcs/sources_1/new/RA_Mul.v" Line 684. Module FA doesn't have a timescale but at least one module in design has a timescale.
WARNING: [XSIM 43-4099] "D:/Jake_Gu/UT Austin/GitHub/High-Speed-Project/src/Booth_RA_Mul/Booth_RA_Mul/Booth_RA_Mul.srcs/sources_1/new/RA_Mul.v" Line 684. Module FA doesn't have a timescale but at least one module in design has a timescale.
WARNING: [XSIM 43-4099] "D:/Jake_Gu/UT Austin/GitHub/High-Speed-Project/src/Booth_RA_Mul/Booth_RA_Mul/Booth_RA_Mul.srcs/sources_1/new/RA_Mul.v" Line 675. Module HA doesn't have a timescale but at least one module in design has a timescale.
WARNING: [XSIM 43-4099] "D:/Jake_Gu/UT Austin/GitHub/High-Speed-Project/src/Booth_RA_Mul/Booth_RA_Mul/Booth_RA_Mul.srcs/sources_1/new/RA_Mul.v" Line 684. Module FA doesn't have a timescale but at least one module in design has a timescale.
WARNING: [XSIM 43-4099] "D:/Jake_Gu/UT Austin/GitHub/High-Speed-Project/src/Booth_RA_Mul/Booth_RA_Mul/Booth_RA_Mul.srcs/sources_1/new/RA_Mul.v" Line 684. Module FA doesn't have a timescale but at least one module in design has a timescale.
WARNING: [XSIM 43-4099] "D:/Jake_Gu/UT Austin/GitHub/High-Speed-Project/src/Booth_RA_Mul/Booth_RA_Mul/Booth_RA_Mul.srcs/sources_1/new/RA_Mul.v" Line 675. Module HA doesn't have a timescale but at least one module in design has a timescale.
WARNING: [XSIM 43-4099] "D:/Jake_Gu/UT Austin/GitHub/High-Speed-Project/src/Booth_RA_Mul/Booth_RA_Mul/Booth_RA_Mul.srcs/sources_1/new/RA_Mul.v" Line 684. Module FA doesn't have a timescale but at least one module in design has a timescale.
WARNING: [XSIM 43-4099] "D:/Jake_Gu/UT Austin/GitHub/High-Speed-Project/src/Booth_RA_Mul/Booth_RA_Mul/Booth_RA_Mul.srcs/sources_1/new/RA_Mul.v" Line 684. Module FA doesn't have a timescale but at least one module in design has a timescale.
WARNING: [XSIM 43-4099] "D:/Jake_Gu/UT Austin/GitHub/High-Speed-Project/src/Booth_RA_Mul/Booth_RA_Mul/Booth_RA_Mul.srcs/sources_1/new/RA_Mul.v" Line 684. Module FA doesn't have a timescale but at least one module in design has a timescale.
WARNING: [XSIM 43-4099] "D:/Jake_Gu/UT Austin/GitHub/High-Speed-Project/src/Booth_RA_Mul/Booth_RA_Mul/Booth_RA_Mul.srcs/sources_1/new/RA_Mul.v" Line 684. Module FA doesn't have a timescale but at least one module in design has a timescale.
WARNING: [XSIM 43-4099] "D:/Jake_Gu/UT Austin/GitHub/High-Speed-Project/src/Booth_RA_Mul/Booth_RA_Mul/Booth_RA_Mul.srcs/sources_1/new/RA_Mul.v" Line 684. Module FA doesn't have a timescale but at least one module in design has a timescale.
WARNING: [XSIM 43-4099] "D:/Jake_Gu/UT Austin/GitHub/High-Speed-Project/src/Booth_RA_Mul/Booth_RA_Mul/Booth_RA_Mul.srcs/sources_1/new/RA_Mul.v" Line 684. Module FA doesn't have a timescale but at least one module in design has a timescale.
WARNING: [XSIM 43-4099] "D:/Jake_Gu/UT Austin/GitHub/High-Speed-Project/src/Booth_RA_Mul/Booth_RA_Mul/Booth_RA_Mul.srcs/sources_1/new/RA_Mul.v" Line 684. Module FA doesn't have a timescale but at least one module in design has a timescale.
WARNING: [XSIM 43-4099] "D:/Jake_Gu/UT Austin/GitHub/High-Speed-Project/src/Booth_RA_Mul/Booth_RA_Mul/Booth_RA_Mul.srcs/sources_1/new/RA_Mul.v" Line 684. Module FA doesn't have a timescale but at least one module in design has a timescale.
WARNING: [XSIM 43-4099] "D:/Jake_Gu/UT Austin/GitHub/High-Speed-Project/src/Booth_RA_Mul/Booth_RA_Mul/Booth_RA_Mul.srcs/sources_1/new/RA_Mul.v" Line 684. Module FA doesn't have a timescale but at least one module in design has a timescale.
WARNING: [XSIM 43-4099] "D:/Jake_Gu/UT Austin/GitHub/High-Speed-Project/src/Booth_RA_Mul/Booth_RA_Mul/Booth_RA_Mul.srcs/sources_1/new/RA_Mul.v" Line 684. Module FA doesn't have a timescale but at least one module in design has a timescale.
WARNING: [XSIM 43-4099] "D:/Jake_Gu/UT Austin/GitHub/High-Speed-Project/src/Booth_RA_Mul/Booth_RA_Mul/Booth_RA_Mul.srcs/sources_1/new/RA_Mul.v" Line 684. Module FA doesn't have a timescale but at least one module in design has a timescale.
WARNING: [XSIM 43-4099] "D:/Jake_Gu/UT Austin/GitHub/High-Speed-Project/src/Booth_RA_Mul/Booth_RA_Mul/Booth_RA_Mul.srcs/sources_1/new/RA_Mul.v" Line 684. Module FA doesn't have a timescale but at least one module in design has a timescale.
WARNING: [XSIM 43-4099] "D:/Jake_Gu/UT Austin/GitHub/High-Speed-Project/src/Booth_RA_Mul/Booth_RA_Mul/Booth_RA_Mul.srcs/sources_1/new/RA_Mul.v" Line 684. Module FA doesn't have a timescale but at least one module in design has a timescale.
WARNING: [XSIM 43-4099] "D:/Jake_Gu/UT Austin/GitHub/High-Speed-Project/src/Booth_RA_Mul/Booth_RA_Mul/Booth_RA_Mul.srcs/sources_1/new/RA_Mul.v" Line 684. Module FA doesn't have a timescale but at least one module in design has a timescale.
WARNING: [XSIM 43-4099] "D:/Jake_Gu/UT Austin/GitHub/High-Speed-Project/src/Booth_RA_Mul/Booth_RA_Mul/Booth_RA_Mul.srcs/sources_1/new/RA_Mul.v" Line 1613. Module Reduction_2 doesn't have a timescale but at least one module in design has a timescale.
WARNING: [XSIM 43-4099] "D:/Jake_Gu/UT Austin/GitHub/High-Speed-Project/src/Booth_RA_Mul/Booth_RA_Mul/Booth_RA_Mul.srcs/sources_1/new/RA_Mul.v" Line 675. Module HA doesn't have a timescale but at least one module in design has a timescale.
WARNING: [XSIM 43-4099] "D:/Jake_Gu/UT Austin/GitHub/High-Speed-Project/src/Booth_RA_Mul/Booth_RA_Mul/Booth_RA_Mul.srcs/sources_1/new/RA_Mul.v" Line 684. Module FA doesn't have a timescale but at least one module in design has a timescale.
WARNING: [XSIM 43-4099] "D:/Jake_Gu/UT Austin/GitHub/High-Speed-Project/src/Booth_RA_Mul/Booth_RA_Mul/Booth_RA_Mul.srcs/sources_1/new/RA_Mul.v" Line 684. Module FA doesn't have a timescale but at least one module in design has a timescale.
WARNING: [XSIM 43-4099] "D:/Jake_Gu/UT Austin/GitHub/High-Speed-Project/src/Booth_RA_Mul/Booth_RA_Mul/Booth_RA_Mul.srcs/sources_1/new/RA_Mul.v" Line 684. Module FA doesn't have a timescale but at least one module in design has a timescale.
WARNING: [XSIM 43-4099] "D:/Jake_Gu/UT Austin/GitHub/High-Speed-Project/src/Booth_RA_Mul/Booth_RA_Mul/Booth_RA_Mul.srcs/sources_1/new/RA_Mul.v" Line 684. Module FA doesn't have a timescale but at least one module in design has a timescale.
WARNING: [XSIM 43-4099] "D:/Jake_Gu/UT Austin/GitHub/High-Speed-Project/src/Booth_RA_Mul/Booth_RA_Mul/Booth_RA_Mul.srcs/sources_1/new/RA_Mul.v" Line 684. Module FA doesn't have a timescale but at least one module in design has a timescale.
WARNING: [XSIM 43-4099] "D:/Jake_Gu/UT Austin/GitHub/High-Speed-Project/src/Booth_RA_Mul/Booth_RA_Mul/Booth_RA_Mul.srcs/sources_1/new/RA_Mul.v" Line 684. Module FA doesn't have a timescale but at least one module in design has a timescale.
WARNING: [XSIM 43-4099] "D:/Jake_Gu/UT Austin/GitHub/High-Speed-Project/src/Booth_RA_Mul/Booth_RA_Mul/Booth_RA_Mul.srcs/sources_1/new/RA_Mul.v" Line 684. Module FA doesn't have a timescale but at least one module in design has a timescale.
WARNING: [XSIM 43-4099] "D:/Jake_Gu/UT Austin/GitHub/High-Speed-Project/src/Booth_RA_Mul/Booth_RA_Mul/Booth_RA_Mul.srcs/sources_1/new/RA_Mul.v" Line 684. Module FA doesn't have a timescale but at least one module in design has a timescale.
WARNING: [XSIM 43-4099] "D:/Jake_Gu/UT Austin/GitHub/High-Speed-Project/src/Booth_RA_Mul/Booth_RA_Mul/Booth_RA_Mul.srcs/sources_1/new/RA_Mul.v" Line 684. Module FA doesn't have a timescale but at least one module in design has a timescale.
WARNING: [XSIM 43-4099] "D:/Jake_Gu/UT Austin/GitHub/High-Speed-Project/src/Booth_RA_Mul/Booth_RA_Mul/Booth_RA_Mul.srcs/sources_1/new/RA_Mul.v" Line 684. Module FA doesn't have a timescale but at least one module in design has a timescale.
WARNING: [XSIM 43-4099] "D:/Jake_Gu/UT Austin/GitHub/High-Speed-Project/src/Booth_RA_Mul/Booth_RA_Mul/Booth_RA_Mul.srcs/sources_1/new/RA_Mul.v" Line 675. Module HA doesn't have a timescale but at least one module in design has a timescale.
WARNING: [XSIM 43-4099] "D:/Jake_Gu/UT Austin/GitHub/High-Speed-Project/src/Booth_RA_Mul/Booth_RA_Mul/Booth_RA_Mul.srcs/sources_1/new/RA_Mul.v" Line 684. Module FA doesn't have a timescale but at least one module in design has a timescale.
WARNING: [XSIM 43-4099] "D:/Jake_Gu/UT Austin/GitHub/High-Speed-Project/src/Booth_RA_Mul/Booth_RA_Mul/Booth_RA_Mul.srcs/sources_1/new/RA_Mul.v" Line 675. Module HA doesn't have a timescale but at least one module in design has a timescale.
WARNING: [XSIM 43-4099] "D:/Jake_Gu/UT Austin/GitHub/High-Speed-Project/src/Booth_RA_Mul/Booth_RA_Mul/Booth_RA_Mul.srcs/sources_1/new/RA_Mul.v" Line 684. Module FA doesn't have a timescale but at least one module in design has a timescale.
WARNING: [XSIM 43-4099] "D:/Jake_Gu/UT Austin/GitHub/High-Speed-Project/src/Booth_RA_Mul/Booth_RA_Mul/Booth_RA_Mul.srcs/sources_1/new/RA_Mul.v" Line 684. Module FA doesn't have a timescale but at least one module in design has a timescale.
WARNING: [XSIM 43-4099] "D:/Jake_Gu/UT Austin/GitHub/High-Speed-Project/src/Booth_RA_Mul/Booth_RA_Mul/Booth_RA_Mul.srcs/sources_1/new/RA_Mul.v" Line 684. Module FA doesn't have a timescale but at least one module in design has a timescale.
WARNING: [XSIM 43-4099] "D:/Jake_Gu/UT Austin/GitHub/High-Speed-Project/src/Booth_RA_Mul/Booth_RA_Mul/Booth_RA_Mul.srcs/sources_1/new/RA_Mul.v" Line 684. Module FA doesn't have a timescale but at least one module in design has a timescale.
WARNING: [XSIM 43-4099] "D:/Jake_Gu/UT Austin/GitHub/High-Speed-Project/src/Booth_RA_Mul/Booth_RA_Mul/Booth_RA_Mul.srcs/sources_1/new/RA_Mul.v" Line 684. Module FA doesn't have a timescale but at least one module in design has a timescale.
WARNING: [XSIM 43-4099] "D:/Jake_Gu/UT Austin/GitHub/High-Speed-Project/src/Booth_RA_Mul/Booth_RA_Mul/Booth_RA_Mul.srcs/sources_1/new/RA_Mul.v" Line 684. Module FA doesn't have a timescale but at least one module in design has a timescale.
WARNING: [XSIM 43-4099] "D:/Jake_Gu/UT Austin/GitHub/High-Speed-Project/src/Booth_RA_Mul/Booth_RA_Mul/Booth_RA_Mul.srcs/sources_1/new/RA_Mul.v" Line 684. Module FA doesn't have a timescale but at least one module in design has a timescale.
WARNING: [XSIM 43-4099] "D:/Jake_Gu/UT Austin/GitHub/High-Speed-Project/src/Booth_RA_Mul/Booth_RA_Mul/Booth_RA_Mul.srcs/sources_1/new/RA_Mul.v" Line 684. Module FA doesn't have a timescale but at least one module in design has a timescale.
WARNING: [XSIM 43-4099] "D:/Jake_Gu/UT Austin/GitHub/High-Speed-Project/src/Booth_RA_Mul/Booth_RA_Mul/Booth_RA_Mul.srcs/sources_1/new/RA_Mul.v" Line 684. Module FA doesn't have a timescale but at least one module in design has a timescale.
WARNING: [XSIM 43-4099] "D:/Jake_Gu/UT Austin/GitHub/High-Speed-Project/src/Booth_RA_Mul/Booth_RA_Mul/Booth_RA_Mul.srcs/sources_1/new/RA_Mul.v" Line 684. Module FA doesn't have a timescale but at least one module in design has a timescale.
WARNING: [XSIM 43-4099] "D:/Jake_Gu/UT Austin/GitHub/High-Speed-Project/src/Booth_RA_Mul/Booth_RA_Mul/Booth_RA_Mul.srcs/sources_1/new/RA_Mul.v" Line 684. Module FA doesn't have a timescale but at least one module in design has a timescale.
WARNING: [XSIM 43-4099] "D:/Jake_Gu/UT Austin/GitHub/High-Speed-Project/src/Booth_RA_Mul/Booth_RA_Mul/Booth_RA_Mul.srcs/sources_1/new/RA_Mul.v" Line 675. Module HA doesn't have a timescale but at least one module in design has a timescale.
WARNING: [XSIM 43-4099] "D:/Jake_Gu/UT Austin/GitHub/High-Speed-Project/src/Booth_RA_Mul/Booth_RA_Mul/Booth_RA_Mul.srcs/sources_1/new/RA_Mul.v" Line 684. Module FA doesn't have a timescale but at least one module in design has a timescale.
WARNING: [XSIM 43-4099] "D:/Jake_Gu/UT Austin/GitHub/High-Speed-Project/src/Booth_RA_Mul/Booth_RA_Mul/Booth_RA_Mul.srcs/sources_1/new/RA_Mul.v" Line 684. Module FA doesn't have a timescale but at least one module in design has a timescale.
WARNING: [XSIM 43-4099] "D:/Jake_Gu/UT Austin/GitHub/High-Speed-Project/src/Booth_RA_Mul/Booth_RA_Mul/Booth_RA_Mul.srcs/sources_1/new/RA_Mul.v" Line 684. Module FA doesn't have a timescale but at least one module in design has a timescale.
WARNING: [XSIM 43-4099] "D:/Jake_Gu/UT Austin/GitHub/High-Speed-Project/src/Booth_RA_Mul/Booth_RA_Mul/Booth_RA_Mul.srcs/sources_1/new/RA_Mul.v" Line 684. Module FA doesn't have a timescale but at least one module in design has a timescale.
WARNING: [XSIM 43-4099] "D:/Jake_Gu/UT Austin/GitHub/High-Speed-Project/src/Booth_RA_Mul/Booth_RA_Mul/Booth_RA_Mul.srcs/sources_1/new/RA_Mul.v" Line 684. Module FA doesn't have a timescale but at least one module in design has a timescale.
WARNING: [XSIM 43-4099] "D:/Jake_Gu/UT Austin/GitHub/High-Speed-Project/src/Booth_RA_Mul/Booth_RA_Mul/Booth_RA_Mul.srcs/sources_1/new/RA_Mul.v" Line 684. Module FA doesn't have a timescale but at least one module in design has a timescale.
WARNING: [XSIM 43-4099] "D:/Jake_Gu/UT Austin/GitHub/High-Speed-Project/src/Booth_RA_Mul/Booth_RA_Mul/Booth_RA_Mul.srcs/sources_1/new/RA_Mul.v" Line 684. Module FA doesn't have a timescale but at least one module in design has a timescale.
WARNING: [XSIM 43-4099] "D:/Jake_Gu/UT Austin/GitHub/High-Speed-Project/src/Booth_RA_Mul/Booth_RA_Mul/Booth_RA_Mul.srcs/sources_1/new/RA_Mul.v" Line 2378. Module Reduction_3 doesn't have a timescale but at least one module in design has a timescale.
WARNING: [XSIM 43-4099] "D:/Jake_Gu/UT Austin/GitHub/High-Speed-Project/src/Booth_RA_Mul/Booth_RA_Mul/Booth_RA_Mul.srcs/sources_1/new/RA_Mul.v" Line 675. Module HA doesn't have a timescale but at least one module in design has a timescale.
WARNING: [XSIM 43-4099] "D:/Jake_Gu/UT Austin/GitHub/High-Speed-Project/src/Booth_RA_Mul/Booth_RA_Mul/Booth_RA_Mul.srcs/sources_1/new/RA_Mul.v" Line 684. Module FA doesn't have a timescale but at least one module in design has a timescale.
WARNING: [XSIM 43-4099] "D:/Jake_Gu/UT Austin/GitHub/High-Speed-Project/src/Booth_RA_Mul/Booth_RA_Mul/Booth_RA_Mul.srcs/sources_1/new/RA_Mul.v" Line 684. Module FA doesn't have a timescale but at least one module in design has a timescale.
WARNING: [XSIM 43-4099] "D:/Jake_Gu/UT Austin/GitHub/High-Speed-Project/src/Booth_RA_Mul/Booth_RA_Mul/Booth_RA_Mul.srcs/sources_1/new/RA_Mul.v" Line 684. Module FA doesn't have a timescale but at least one module in design has a timescale.
WARNING: [XSIM 43-4099] "D:/Jake_Gu/UT Austin/GitHub/High-Speed-Project/src/Booth_RA_Mul/Booth_RA_Mul/Booth_RA_Mul.srcs/sources_1/new/RA_Mul.v" Line 684. Module FA doesn't have a timescale but at least one module in design has a timescale.
WARNING: [XSIM 43-4099] "D:/Jake_Gu/UT Austin/GitHub/High-Speed-Project/src/Booth_RA_Mul/Booth_RA_Mul/Booth_RA_Mul.srcs/sources_1/new/RA_Mul.v" Line 684. Module FA doesn't have a timescale but at least one module in design has a timescale.
WARNING: [XSIM 43-4099] "D:/Jake_Gu/UT Austin/GitHub/High-Speed-Project/src/Booth_RA_Mul/Booth_RA_Mul/Booth_RA_Mul.srcs/sources_1/new/RA_Mul.v" Line 684. Module FA doesn't have a timescale but at least one module in design has a timescale.
WARNING: [XSIM 43-4099] "D:/Jake_Gu/UT Austin/GitHub/High-Speed-Project/src/Booth_RA_Mul/Booth_RA_Mul/Booth_RA_Mul.srcs/sources_1/new/RA_Mul.v" Line 684. Module FA doesn't have a timescale but at least one module in design has a timescale.
WARNING: [XSIM 43-4099] "D:/Jake_Gu/UT Austin/GitHub/High-Speed-Project/src/Booth_RA_Mul/Booth_RA_Mul/Booth_RA_Mul.srcs/sources_1/new/RA_Mul.v" Line 684. Module FA doesn't have a timescale but at least one module in design has a timescale.
WARNING: [XSIM 43-4099] "D:/Jake_Gu/UT Austin/GitHub/High-Speed-Project/src/Booth_RA_Mul/Booth_RA_Mul/Booth_RA_Mul.srcs/sources_1/new/RA_Mul.v" Line 684. Module FA doesn't have a timescale but at least one module in design has a timescale.
WARNING: [XSIM 43-4099] "D:/Jake_Gu/UT Austin/GitHub/High-Speed-Project/src/Booth_RA_Mul/Booth_RA_Mul/Booth_RA_Mul.srcs/sources_1/new/RA_Mul.v" Line 684. Module FA doesn't have a timescale but at least one module in design has a timescale.
WARNING: [XSIM 43-4099] "D:/Jake_Gu/UT Austin/GitHub/High-Speed-Project/src/Booth_RA_Mul/Booth_RA_Mul/Booth_RA_Mul.srcs/sources_1/new/RA_Mul.v" Line 684. Module FA doesn't have a timescale but at least one module in design has a timescale.
WARNING: [XSIM 43-4099] "D:/Jake_Gu/UT Austin/GitHub/High-Speed-Project/src/Booth_RA_Mul/Booth_RA_Mul/Booth_RA_Mul.srcs/sources_1/new/RA_Mul.v" Line 684. Module FA doesn't have a timescale but at least one module in design has a timescale.
WARNING: [XSIM 43-4099] "D:/Jake_Gu/UT Austin/GitHub/High-Speed-Project/src/Booth_RA_Mul/Booth_RA_Mul/Booth_RA_Mul.srcs/sources_1/new/RA_Mul.v" Line 684. Module FA doesn't have a timescale but at least one module in design has a timescale.
WARNING: [XSIM 43-4099] "D:/Jake_Gu/UT Austin/GitHub/High-Speed-Project/src/Booth_RA_Mul/Booth_RA_Mul/Booth_RA_Mul.srcs/sources_1/new/RA_Mul.v" Line 684. Module FA doesn't have a timescale but at least one module in design has a timescale.
INFO: [Common 17-14] Message 'XSIM 43-4099' appears 100 times and further instances of the messages will be disabled. Use the Tcl command set_msg_config to change the current settings.
Completed simulation data flow analysis
Time Resolution for simulation is 1ps
Compiling module xil_defaultlib.BoothEncoder_radix4
Compiling module xil_defaultlib.PPGen
Compiling module xil_defaultlib.HA
Compiling module xil_defaultlib.FA
Compiling module xil_defaultlib.Reduction_1
Compiling module xil_defaultlib.Reduction_2
Compiling module xil_defaultlib.Reduction_3
Compiling module xil_defaultlib.Reduction_4
Compiling module xil_defaultlib.CLA4bit
Compiling module xil_defaultlib.CLA16bit
Compiling module xil_defaultlib.CLA28bit
Compiling module xil_defaultlib.TailAdder
Compiling module xil_defaultlib.RA_Mul
Compiling module xil_defaultlib.Booth_RA_Mul_tb
Compiling module xil_defaultlib.glbl
Built simulation snapshot Booth_RA_Mul_tb_behav
